<?xml version="1.0" encoding="UTF-8"?>
<!-- Generated by org.testng.reporters.JUnitReportReporter -->
<testsuite hostname="Savitha-32JAAIE" failures="0" tests="2" name="Demo.Tests.Team" time="0.024" errors="0" timestamp="07 Feb 2023 10:15:59 GMT" skipped="0">
  <testcase classname="Demo.Tests.Team" name="foreignPlayersCount" time="0.022"/>
  <testcase classname="Demo.Tests.Team" name="WicketKeeperCount" time="0.002"/>
</testsuite> <!-- Demo.Tests.Team -->
